Linux 4.15.0-1-MANJARO (thinkpad) 	2018年03月09日 	_x86_64_	(4 CPU)

23時35分20秒     IFACE   rxerr/s   txerr/s    coll/s  rxdrop/s  txdrop/s  txcarr/s  rxfram/s  rxfifo/s  txfifo/s
23時35分21秒 enp0s31f6      1.00      2.00      3.00      4.00      5.00      6.00      7.00      8.00      9.00
23時35分21秒        lo      0.00      0.00      0.00      0.00      0.00      0.00      0.00      0.00      0.00
23時35分21秒    wlp4s0      0.00      0.00      0.00      0.00      0.00      0.00      0.00      0.00      0.00

23時35分21秒     IFACE   rxerr/s   txerr/s    coll/s  rxdrop/s  txdrop/s  txcarr/s  rxfram/s  rxfifo/s  txfifo/s
23時35分22秒 enp0s31f6      0.00      0.00      0.00      0.00      0.00      0.00      0.00      0.00      0.00
23時35分22秒        lo      0.00      0.00      0.00      0.00      0.00      0.00      0.00      0.00      0.00
23時35分22秒    wlp4s0      0.00      0.00      0.00      0.00      0.00      0.00      0.00      0.00      0.00

23時35分22秒     IFACE   rxerr/s   txerr/s    coll/s  rxdrop/s  txdrop/s  txcarr/s  rxfram/s  rxfifo/s  txfifo/s
23時35分23秒 enp0s31f6      0.00      0.00      0.00      0.00      0.00      0.00      0.00      0.00      0.00
23時35分23秒        lo      0.00      0.00      0.00      0.00      0.00      0.00      0.00      0.00      0.00
23時35分23秒    wlp4s0      0.00      0.00      0.00      0.00      0.00      0.00      0.00      0.00      0.00

23時35分23秒     IFACE   rxerr/s   txerr/s    coll/s  rxdrop/s  txdrop/s  txcarr/s  rxfram/s  rxfifo/s  txfifo/s
23時35分24秒 enp0s31f6      0.00      0.00      0.00      0.00      0.00      0.00      0.00      0.00      0.00
23時35分24秒        lo      0.00      0.00      0.00      0.00      0.00      0.00      0.00      0.00      0.00
23時35分24秒    wlp4s0      0.00      0.00      0.00      0.00      0.00      0.00      0.00      0.00      0.00

23時35分24秒     IFACE   rxerr/s   txerr/s    coll/s  rxdrop/s  txdrop/s  txcarr/s  rxfram/s  rxfifo/s  txfifo/s
23時35分25秒 enp0s31f6      0.00      0.00      0.00      0.00      0.00      0.00      0.00      0.00      0.00
23時35分25秒        lo      0.00      0.00      0.00      0.00      0.00      0.00      0.00      0.00      0.00
23時35分25秒    wlp4s0      0.00      0.00      0.00      0.00      0.00      0.00      0.00      0.00      0.00

23時35分25秒     IFACE   rxerr/s   txerr/s    coll/s  rxdrop/s  txdrop/s  txcarr/s  rxfram/s  rxfifo/s  txfifo/s
23時35分26秒 enp0s31f6      0.00      0.00      0.00      0.00      0.00      0.00      0.00      0.00      0.00
23時35分26秒        lo      0.00      0.00      0.00      0.00      0.00      0.00      0.00      0.00      0.00
23時35分26秒    wlp4s0      0.00      0.00      0.00      0.00      0.00      0.00      0.00      0.00      0.00

23時35分26秒     IFACE   rxerr/s   txerr/s    coll/s  rxdrop/s  txdrop/s  txcarr/s  rxfram/s  rxfifo/s  txfifo/s
23時35分27秒 enp0s31f6      0.00      0.00      0.00      0.00      0.00      0.00      0.00      0.00      0.00
23時35分27秒        lo      0.00      0.00      0.00      0.00      0.00      0.00      0.00      0.00      0.00
23時35分27秒    wlp4s0      0.00      0.00      0.00      0.00      0.00      0.00      0.00      0.00      0.00

23時35分27秒     IFACE   rxerr/s   txerr/s    coll/s  rxdrop/s  txdrop/s  txcarr/s  rxfram/s  rxfifo/s  txfifo/s
23時35分28秒 enp0s31f6      0.00      0.00      0.00      0.00      0.00      0.00      0.00      0.00      0.00
23時35分28秒        lo      0.00      0.00      0.00      0.00      0.00      0.00      0.00      0.00      0.00
23時35分28秒    wlp4s0      0.00      0.00      0.00      0.00      0.00      0.00      0.00      0.00      0.00


平均値:      IFACE   rxerr/s   txerr/s    coll/s  rxdrop/s  txdrop/s  txcarr/s  rxfram/s  rxfifo/s  txfifo/s
平均値:  enp0s31f6      0.00      0.00      0.00      0.00      0.00      0.00      0.00      0.00      0.00
平均値:         lo      0.00      0.00      0.00      0.00      0.00      0.00      0.00      0.00      0.00
平均値:     wlp4s0      0.00      0.00      0.00      0.00      0.00      0.00      0.00      0.00      0.00
