Linux 4.15.0-1-MANJARO (thinkpad) 	2018年03月10日 	_x86_64_	(4 CPU)

23時22分42秒 kbmemfree   kbavail kbmemused  %memused kbbuffers  kbcached  kbcommit   %commit  kbactive   kbinact   kbdirty
23時22分43秒   2620812   4416548   5211132     66.54    215588   1901392   8541828     50.07   3265284   1480496         8
23時22分44秒   2618720   4414456   5213224     66.56    215588   1903648   8537560     50.05   3265136   1482752        12
23時22分45秒   2618300   4414060   5213644     66.57    215592   1902008   8551064     50.13   3267520   1481052        24
23時22分46秒   2618052   4413812   5213892     66.57    215592   1901872   8551064     50.13   3267724   1480940        24
23時22分47秒   3554900   5126968   4277044     54.61    215668   1866536   5951248     34.89   2630488   1217724       672
23時22分48秒   3864128   5434796   3967816     50.66    215716   1802020   5185188     30.39   2408492   1137996       616
23時22分49秒   3875048   5445692   3956896     50.52    215716   1792588   5177484     30.35   2407804   1128144       508
23時22分50秒   3875040   5445684   3956904     50.52    215716   1792588   5177484     30.35   2408004   1128144         0
23時22分51秒   3874916   5445560   3957028     50.52    215716   1792588   5177484     30.35   2408208   1128144         4
23時22分52秒   3874108   5444752   3957836     50.53    215716   1792820   5177484     30.35   2408464   1128360         4
23時22分53秒   3873800   5444444   3958144     50.54    215728   1793168   5177484     30.35   2408784   1128724       104
23時22分54秒   3820708   5391536   4011236     51.22    215744   1793724   5647416     33.10   2457248   1129036       276
23時22分55秒   3582984   5156372   4248960     54.25    215972   1886136   6715792     39.37   2593296   1219632       832
23時22分56秒   3478548   5056660   4353396     55.59    215980   1913416   6952172     40.75   2667564   1248940      1268
23時22分57秒   3447728   5029852   4384216     55.98    215980   1876508   6948088     40.73   2730776   1215024      1864
23時22分58秒   3446612   5029952   4385332     55.99    216004   1872244   6971420     40.87   2734084   1211988      1988
23時22分59秒   3448396   5031756   4383548     55.97    216004   1870464   6971420     40.87   2733472   1210192      2000


平均値:    3440753   5067229   4391191     56.07    215766   1850219   6553628     38.42   2709550   1244546       600
