Linux 4.14.16-1-MANJARO (thinkpad) 	2018年02月12日 	_x86_64_	(4 CPU)

18時45分20秒     CPU     %user     %nice   %system   %iowait    %steal     %idle
18時45分21秒     all      8.61      0.00      3.29      0.00      0.00     88.10
18時45分21秒       0      9.09      0.00      1.01      0.00      0.00     89.90
18時45分21秒       1      8.00      0.00      4.00      0.00      0.00     88.00
18時45分21秒       2     10.31      0.00      5.15      0.00      0.00     84.54
18時45分21秒       3      7.14      0.00      2.04      0.00      0.00     90.82

18時45分21秒     CPU     %user     %nice   %system   %iowait    %steal     %idle
18時45分22秒     all     13.45      0.00      1.78      0.00      0.00     84.77
18時45分22秒       0     10.10      0.00      2.02      0.00      0.00     87.88
18時45分22秒       1     15.31      0.00      1.02      0.00      0.00     83.67
18時45分22秒       2     12.12      0.00      2.02      0.00      0.00     85.86
18時45分22秒       3     15.31      0.00      3.06      0.00      0.00     81.63

18時45分22秒     CPU     %user     %nice   %system   %iowait    %steal     %idle
18時45分23秒     all      2.26      0.00      0.75      0.00      0.00     96.99
18時45分23秒       0      2.00      0.00      1.00      0.00      0.00     97.00
18時45分23秒       1      2.02      0.00      1.01      0.00      0.00     96.97
18時45分23秒       2      3.00      0.00      1.00      0.00      0.00     96.00
18時45分23秒       3      3.00      0.00      0.00      0.00      0.00     97.00

18時45分23秒     CPU     %user     %nice   %system   %iowait    %steal     %idle
18時45分24秒     all     27.11      0.00      3.98      0.00      0.00     68.91
18時45分24秒       0      7.92      0.00      2.97      0.00      0.00     89.11
18時45分24秒       1      7.92      0.00      1.98      0.00      0.00     90.10
18時45分24秒       2     47.52      0.00      4.95      0.00      0.00     47.52
18時45分24秒       3     45.45      0.00      5.05      0.00      0.00     49.49

18時45分24秒     CPU     %user     %nice   %system   %iowait    %steal     %idle
18時45分25秒     all     31.02      0.00      1.99      0.00      0.00     67.00
18時45分25秒       0     10.10      0.00      0.00      0.00      0.00     89.90
18時45分25秒       1      9.00      0.00      2.00      0.00      0.00     89.00
18時45分25秒       2     95.00      0.00      5.00      0.00      0.00      0.00
18時45分25秒       3      9.80      0.00      0.98      0.00      0.00     89.22

18時45分25秒     CPU     %user     %nice   %system   %iowait    %steal     %idle
18時45分26秒     all     41.50      0.00      1.00      0.00      0.00     57.50
18時45分26秒       0     18.81      0.00      0.99      0.00      0.00     80.20
18時45分26秒       1     18.81      0.00      1.98      0.00      0.00     79.21
18時45分26秒       2     98.00      0.00      2.00      0.00      0.00      0.00
18時45分26秒       3     30.30      0.00      0.00      0.00      0.00     69.70

18時45分26秒     CPU     %user     %nice   %system   %iowait    %steal     %idle
18時45分27秒     all     47.36      0.00      0.76      0.00      0.00     51.89
18時45分27秒       0     25.51      0.00      0.00      0.00      0.00     74.49
18時45分27秒       1     35.35      0.00      0.00      0.00      0.00     64.65
18時45分27秒       2     98.02      0.00      1.98      0.00      0.00      0.00
18時45分27秒       3     29.70      0.00      1.98      0.00      0.00     68.32

18時45分27秒     CPU     %user     %nice   %system   %iowait    %steal     %idle
18時45分28秒     all     34.00      0.00      1.49      0.00      0.00     64.52
18時45分28秒       0     11.76      0.00      0.98      0.00      0.00     87.25
18時45分28秒       1     12.12      0.00      1.01      0.00      0.00     86.87
18時45分28秒       2     97.00      0.00      3.00      0.00      0.00      0.00
18時45分28秒       3     15.84      0.00      0.00      0.00      0.00     84.16

18時45分28秒     CPU     %user     %nice   %system   %iowait    %steal     %idle
18時45分29秒     all     28.78      0.00      1.74      0.00      0.00     69.48
18時45分29秒       0      7.92      0.00      0.99      0.00      0.00     91.09
18時45分29秒       1      5.83      0.00      2.91      0.00      0.00     91.26
18時45分29秒       2     98.00      0.00      2.00      0.00      0.00      0.00
18時45分29秒       3      5.00      0.00      1.00      0.00      0.00     94.00

18時45分29秒     CPU     %user     %nice   %system   %iowait    %steal     %idle
18時45分30秒     all     33.42      0.00      0.25      0.00      0.00     66.33
18時45分30秒       0     10.10      0.00      0.00      0.00      0.00     89.90
18時45分30秒       1     12.87      0.00      0.00      0.00      0.00     87.13
18時45分30秒       2     98.99      0.00      1.01      0.00      0.00      0.00
18時45分30秒       3     11.88      0.00      0.00      0.00      0.00     88.12

18時45分30秒     CPU     %user     %nice   %system   %iowait    %steal     %idle
18時45分31秒     all     30.60      0.00      0.75      0.25      0.00     68.41
18時45分31秒       0      8.91      0.00      0.99      0.00      0.00     90.10
18時45分31秒       1      6.00      0.00      1.00      1.00      0.00     92.00
18時45分31秒       2     98.04      0.00      0.98      0.00      0.00      0.98
18時45分31秒       3      7.92      0.00      0.99      0.00      0.00     91.09

18時45分31秒     CPU     %user     %nice   %system   %iowait    %steal     %idle
18時45分32秒     all     28.54      0.00      1.49      0.00      0.00     69.98
18時45分32秒       0      7.00      0.00      1.00      0.00      0.00     92.00
18時45分32秒       1      4.95      0.00      0.99      0.00      0.00     94.06
18時45分32秒       2     98.00      0.00      2.00      0.00      0.00      0.00
18時45分32秒       3      5.00      0.00      1.00      0.00      0.00     94.00

18時45分32秒     CPU     %user     %nice   %system   %iowait    %steal     %idle
18時45分33秒     all     31.58      0.00      1.00      0.00      0.00     67.42
18時45分33秒       0     13.00      0.00      0.00      0.00      0.00     87.00
18時45分33秒       1      8.82      0.00      1.96      0.00      0.00     89.22
18時45分33秒       2     97.00      0.00      3.00      0.00      0.00      0.00
18時45分33秒       3      7.07      0.00      0.00      0.00      0.00     92.93

18時45分33秒     CPU     %user     %nice   %system   %iowait    %steal     %idle
18時45分34秒     all     34.99      0.00      1.24      0.00      0.00     63.77
18時45分34秒       0     14.85      0.00      0.99      0.00      0.00     84.16
18時45分34秒       1     14.71      0.00      0.00      0.00      0.00     85.29
18時45分34秒       2     97.98      0.00      2.02      0.00      0.00      0.00
18時45分34秒       3     14.14      0.00      0.00      0.00      0.00     85.86

18時45分34秒     CPU     %user     %nice   %system   %iowait    %steal     %idle
18時45分35秒     all     32.43      0.00      1.72      0.00      0.00     65.85
18時45分35秒       0     16.00      0.00      0.00      0.00      0.00     84.00
18時45分35秒       1      8.74      0.00      2.91      0.00      0.00     88.35
18時45分35秒       2     98.00      0.00      2.00      0.00      0.00      0.00
18時45分35秒       3      8.82      0.00      0.98      0.00      0.00     90.20

18時45分35秒     CPU     %user     %nice   %system   %iowait    %steal     %idle
18時45分36秒     all     30.40      0.00      0.50      0.00      0.00     69.10
18時45分36秒       0      8.91      0.00      0.99      0.00      0.00     90.10
18時45分36秒       1      5.00      0.00      2.00      0.00      0.00     93.00
18時45分36秒       2     98.02      0.00      1.98      0.00      0.00      0.00
18時45分36秒       3      8.00      0.00      0.00      0.00      0.00     92.00

18時45分36秒     CPU     %user     %nice   %system   %iowait    %steal     %idle
18時45分37秒     all     34.41      0.00      1.75      0.00      0.00     63.84
18時45分37秒       0     21.00      0.00      0.00      0.00      0.00     79.00
18時45分37秒       1     10.89      0.00      1.98      0.00      0.00     87.13
18時45分37秒       2     97.98      0.00      2.02      0.00      0.00      0.00
18時45分37秒       3      8.91      0.00      1.98      0.00      0.00     89.11

18時45分37秒     CPU     %user     %nice   %system   %iowait    %steal     %idle
18時45分38秒     all     33.92      0.00      1.25      0.00      0.00     64.84
18時45分38秒       0     13.13      0.00      2.02      0.00      0.00     84.85
18時45分38秒       1     12.87      0.00      0.99      0.00      0.00     86.14
18時45分38秒       2     99.00      0.00      1.00      0.00      0.00      0.00
18時45分38秒       3     11.11      0.00      0.00      0.00      0.00     88.89

18時45分38秒     CPU     %user     %nice   %system   %iowait    %steal     %idle
18時45分39秒     all     28.18      0.00      2.49      0.00      0.00     69.33
18時45分39秒       0     12.12      0.00      1.01      0.00      0.00     86.87
18時45分39秒       1     11.76      0.00      2.94      0.00      0.00     85.29
18時45分39秒       2     77.23      0.00      3.96      0.00      0.00     18.81
18時45分39秒       3     10.10      0.00      3.03      0.00      0.00     86.87

18時45分39秒     CPU     %user     %nice   %system   %iowait    %steal     %idle
18時45分40秒     all      6.58      0.00      2.28      0.00      0.00     91.14
18時45分40秒       0      5.32      0.00      0.00      0.00      0.00     94.68
18時45分40秒       1      5.15      0.00      1.03      0.00      0.00     93.81
18時45分40秒       2      9.80      0.00      4.90      0.00      0.00     85.29
18時45分40秒       3      7.00      0.00      2.00      0.00      0.00     91.00

18時45分40秒     CPU     %user     %nice   %system   %iowait    %steal     %idle
18時45分41秒     all     28.94      0.00      7.75      0.26      0.00     63.05
18時45分41秒       0     26.53      0.00     10.20      0.00      0.00     63.27
18時45分41秒       1     29.29      0.00      7.07      0.00      0.00     63.64
18時45分41秒       2     30.53      0.00      6.32      0.00      0.00     63.16
18時45分41秒       3     29.17      0.00      7.29      0.00      0.00     63.54

18時45分41秒     CPU     %user     %nice   %system   %iowait    %steal     %idle
18時45分42秒     all     14.80      0.00      6.38      0.00      0.00     78.83
18時45分42秒       0     13.54      0.00      7.29      0.00      0.00     79.17
18時45分42秒       1     14.14      0.00      7.07      0.00      0.00     78.79
18時45分42秒       2     15.00      0.00      8.00      0.00      0.00     77.00
18時45分42秒       3     16.67      0.00      3.12      0.00      0.00     80.21

18時45分42秒     CPU     %user     %nice   %system   %iowait    %steal     %idle
18時45分43秒     all      2.01      0.00      0.50      0.00      0.00     97.49
18時45分43秒       0      1.01      0.00      0.00      0.00      0.00     98.99
18時45分43秒       1      1.00      0.00      1.00      0.00      0.00     98.00
18時45分43秒       2      1.01      0.00      1.01      0.00      0.00     97.98
18時45分43秒       3      4.00      0.00      0.00      0.00      0.00     96.00


平均値:      CPU     %user     %nice   %system   %iowait    %steal     %idle
平均値:      all     26.35      0.00      1.99      0.02      0.00     71.64
平均値:        0     11.94      0.00      1.49      0.00      0.00     86.58
平均値:        1     11.31      0.00      2.04      0.04      0.00     86.61
平均値:        2     68.67      0.00      2.92      0.00      0.00     28.41
平均値:        3     13.49      0.00      1.48      0.00      0.00     85.03
